{"E:\\Learning Material-Projects\\New folder\\tv-maze-2\\src\\assets\\logo.png": {"path":"E:\\Learning Material-Projects\\New folder\\tv-maze-2\\src\\assets\\logo.png","statementMap":{"0":{"start":{"line":1,"column":0},"end":{"line":1,"column":19}}},"fnMap":{},"branchMap":{},"s":{"0":3},"f":{},"b":{},"_coverageSchema":"43e27e138ebf9cfc5966b082cf9a028302ed4184","hash":"41f9667052baf5ed6363a049da53f24c9045827b"}
,"E:\\Learning Material-Projects\\New folder\\tv-maze-2\\src\\assets\\resources\\properties.ts": {"path":"E:\\Learning Material-Projects\\New folder\\tv-maze-2\\src\\assets\\resources\\properties.ts","statementMap":{"0":{"start":{"line":1,"column":25},"end":{"line":1,"column":null}}},"fnMap":{},"branchMap":{},"s":{"0":6},"f":{},"b":{}}
,"E:\\Learning Material-Projects\\New folder\\tv-maze-2\\src\\components\\Header.vue": {"path":"E:\\Learning Material-Projects\\New folder\\tv-maze-2\\src\\components\\Header.vue","statementMap":{"0":{"start":{"line":40,"column":0},"end":{"line":40,"column":null}},"1":{"start":{"line":41,"column":0},"end":{"line":41,"column":null}},"2":{"start":{"line":42,"column":0},"end":{"line":42,"column":null}},"3":{"start":{"line":44,"column":11},"end":{"line":44,"column":25}},"4":{"start":{"line":45,"column":22},"end":{"line":45,"column":30}},"5":{"start":{"line":47,"column":15},"end":{"line":47,"column":null}},"6":{"start":{"line":50,"column":8},"end":{"line":50,"column":14}},"7":{"start":{"line":61,"column":8},"end":{"line":72,"column":null}},"8":{"start":{"line":62,"column":21},"end":{"line":62,"column":null}},"9":{"start":{"line":63,"column":8},"end":{"line":63,"column":19}},"10":{"start":{"line":64,"column":8},"end":{"line":64,"column":13}},"11":{"start":{"line":66,"column":5},"end":{"line":66,"column":10}},"12":{"start":{"line":67,"column":8},"end":{"line":67,"column":16}},"13":{"start":{"line":70,"column":17},"end":{"line":70,"column":32}},"14":{"start":{"line":76,"column":10},"end":{"line":95,"column":null}},"15":{"start":{"line":77,"column":25},"end":{"line":77,"column":40}},"16":{"start":{"line":77,"column":122},"end":{"line":77,"column":129}},"17":{"start":{"line":78,"column":30},"end":{"line":78,"column":37}},"18":{"start":{"line":80,"column":14},"end":{"line":80,"column":29}},"19":{"start":{"line":83,"column":19},"end":{"line":83,"column":null}},"20":{"start":{"line":85,"column":8},"end":{"line":85,"column":13}},"21":{"start":{"line":87,"column":8},"end":{"line":87,"column":13}},"22":{"start":{"line":89,"column":8},"end":{"line":89,"column":13}},"23":{"start":{"line":90,"column":9},"end":{"line":90,"column":17}},"24":{"start":{"line":93,"column":17},"end":{"line":93,"column":32}},"25":{"start":{"line":99,"column":8},"end":{"line":99,"column":20}},"26":{"start":{"line":100,"column":8},"end":{"line":100,"column":13}},"27":{"start":{"line":103,"column":8},"end":{"line":115,"column":null}},"28":{"start":{"line":104,"column":20},"end":{"line":104,"column":null}},"29":{"start":{"line":105,"column":8},"end":{"line":105,"column":15}},"30":{"start":{"line":106,"column":8},"end":{"line":106,"column":13}},"31":{"start":{"line":109,"column":8},"end":{"line":109,"column":13}},"32":{"start":{"line":110,"column":10},"end":{"line":110,"column":18}},"33":{"start":{"line":113,"column":17},"end":{"line":113,"column":32}},"34":{"start":{"line":119,"column":2},"end":{"line":131,"column":null}},"35":{"start":{"line":121,"column":6},"end":{"line":121,"column":11}},"36":{"start":{"line":122,"column":8},"end":{"line":125,"column":null}},"37":{"start":{"line":123,"column":12},"end":{"line":124,"column":17}},"38":{"start":{"line":124,"column":12},"end":{"line":124,"column":17}},"39":{"start":{"line":126,"column":8},"end":{"line":126,"column":13}},"40":{"start":{"line":129,"column":17},"end":{"line":129,"column":32}}},"fnMap":{"0":{"name":"(anonymous_0)","decl":{"start":{"line":49,"column":3},"end":{"line":49,"column":7}},"loc":{"start":{"line":49,"column":9},"end":{"line":57,"column":null}}},"1":{"name":"(anonymous_1)","decl":{"start":{"line":60,"column":6},"end":{"line":60,"column":18}},"loc":{"start":{"line":60,"column":25},"end":{"line":73,"column":null}}},"2":{"name":"(anonymous_2)","decl":{"start":{"line":75,"column":8},"end":{"line":75,"column":15}},"loc":{"start":{"line":75,"column":28},"end":{"line":96,"column":null}}},"3":{"name":"(anonymous_3)","decl":{"start":{"line":77,"column":108},"end":{"line":77,"column":120}},"loc":{"start":{"line":77,"column":120},"end":{"line":78,"column":15}}},"4":{"name":"(anonymous_4)","decl":{"start":{"line":78,"column":21},"end":{"line":78,"column":29}},"loc":{"start":{"line":78,"column":29},"end":{"line":78,"column":null}}},"5":{"name":"(anonymous_5)","decl":{"start":{"line":79,"column":21},"end":{"line":79,"column":26}},"loc":{"start":{"line":79,"column":30},"end":{"line":82,"column":null}}},"6":{"name":"(anonymous_6)","decl":{"start":{"line":97,"column":6},"end":{"line":97,"column":11}},"loc":{"start":{"line":97,"column":13},"end":{"line":101,"column":null}}},"7":{"name":"(anonymous_7)","decl":{"start":{"line":102,"column":6},"end":{"line":102,"column":20}},"loc":{"start":{"line":102,"column":22},"end":{"line":116,"column":null}}},"8":{"name":"(anonymous_8)","decl":{"start":{"line":118,"column":4},"end":{"line":118,"column":11}},"loc":{"start":{"line":118,"column":13},"end":{"line":132,"column":null}}}},"branchMap":{"0":{"loc":{"start":{"line":123,"column":12},"end":{"line":124,"column":17}},"type":"if","locations":[{"start":{"line":123,"column":12},"end":{"line":124,"column":17}},{"start":{"line":123,"column":12},"end":{"line":124,"column":17}}]}},"s":{"0":2,"1":2,"2":2,"3":2,"4":2,"5":2,"6":5,"7":1,"8":1,"9":1,"10":1,"11":1,"12":1,"13":1,"14":1,"15":1,"16":1,"17":1,"18":0,"19":1,"20":1,"21":1,"22":1,"23":1,"24":1,"25":0,"26":0,"27":1,"28":1,"29":1,"30":1,"31":1,"32":1,"33":1,"34":5,"35":5,"36":5,"37":15,"38":10,"39":5,"40":0},"f":{"0":5,"1":1,"2":1,"3":1,"4":1,"5":0,"6":0,"7":1,"8":5},"b":{"0":[10,5]}}
,"E:\\Learning Material-Projects\\New folder\\tv-maze-2\\src\\components\\HomePage.vue": {"path":"E:\\Learning Material-Projects\\New folder\\tv-maze-2\\src\\components\\HomePage.vue","statementMap":{"0":{"start":{"line":7,"column":0},"end":{"line":7,"column":null}},"1":{"start":{"line":9,"column":0},"end":{"line":9,"column":null}},"2":{"start":{"line":12,"column":15},"end":{"line":12,"column":null}},"3":{"start":{"line":15,"column":4},"end":{"line":15,"column":10}},"4":{"start":{"line":24,"column":7},"end":{"line":24,"column":12}}},"fnMap":{"0":{"name":"(anonymous_0)","decl":{"start":{"line":14,"column":2},"end":{"line":14,"column":6}},"loc":{"start":{"line":14,"column":9},"end":{"line":18,"column":null}}},"1":{"name":"(anonymous_1)","decl":{"start":{"line":23,"column":5},"end":{"line":23,"column":15}},"loc":{"start":{"line":23,"column":17},"end":{"line":25,"column":null}}}},"branchMap":{},"s":{"0":1,"1":1,"2":1,"3":2,"4":1},"f":{"0":2,"1":1},"b":{}}
,"E:\\Learning Material-Projects\\New folder\\tv-maze-2\\src\\components\\LandingPage.vue": {"path":"E:\\Learning Material-Projects\\New folder\\tv-maze-2\\src\\components\\LandingPage.vue","statementMap":{"0":{"start":{"line":30,"column":15},"end":{"line":30,"column":null}},"1":{"start":{"line":33,"column":8},"end":{"line":33,"column":14}}},"fnMap":{"0":{"name":"(anonymous_0)","decl":{"start":{"line":32,"column":4},"end":{"line":32,"column":8}},"loc":{"start":{"line":32,"column":10},"end":{"line":36,"column":null}}}},"branchMap":{},"s":{"0":1,"1":1},"f":{"0":1},"b":{}}
,"E:\\Learning Material-Projects\\New folder\\tv-maze-2\\src\\components\\LoginPage.vue": {"path":"E:\\Learning Material-Projects\\New folder\\tv-maze-2\\src\\components\\LoginPage.vue","statementMap":{"0":{"start":{"line":27,"column":0},"end":{"line":27,"column":null}},"1":{"start":{"line":28,"column":0},"end":{"line":28,"column":null}},"2":{"start":{"line":29,"column":0},"end":{"line":29,"column":null}},"3":{"start":{"line":30,"column":15},"end":{"line":30,"column":null}},"4":{"start":{"line":33,"column":8},"end":{"line":33,"column":14}},"5":{"start":{"line":42,"column":28},"end":{"line":42,"column":42}},"6":{"start":{"line":43,"column":41},"end":{"line":43,"column":49}},"7":{"start":{"line":45,"column":13},"end":{"line":66,"column":null}},"8":{"start":{"line":46,"column":12},"end":{"line":61,"column":null}},"9":{"start":{"line":48,"column":15},"end":{"line":48,"column":20}},"10":{"start":{"line":49,"column":29},"end":{"line":49,"column":44}},"11":{"start":{"line":49,"column":101},"end":{"line":49,"column":108}},"12":{"start":{"line":50,"column":38},"end":{"line":50,"column":45}},"13":{"start":{"line":52,"column":25},"end":{"line":52,"column":40}},"14":{"start":{"line":55,"column":31},"end":{"line":55,"column":null}},"15":{"start":{"line":56,"column":20},"end":{"line":56,"column":25}},"16":{"start":{"line":58,"column":20},"end":{"line":58,"column":25}},"17":{"start":{"line":60,"column":16},"end":{"line":60,"column":21}},"18":{"start":{"line":64,"column":17},"end":{"line":64,"column":32}}},"fnMap":{"0":{"name":"(anonymous_0)","decl":{"start":{"line":32,"column":4},"end":{"line":32,"column":8}},"loc":{"start":{"line":32,"column":10},"end":{"line":39,"column":null}}},"1":{"name":"(anonymous_1)","decl":{"start":{"line":41,"column":8},"end":{"line":41,"column":14}},"loc":{"start":{"line":41,"column":28},"end":{"line":67,"column":null}}},"2":{"name":"(anonymous_2)","decl":{"start":{"line":49,"column":87},"end":{"line":49,"column":99}},"loc":{"start":{"line":49,"column":99},"end":{"line":50,"column":23}}},"3":{"name":"(anonymous_3)","decl":{"start":{"line":50,"column":29},"end":{"line":50,"column":37}},"loc":{"start":{"line":50,"column":37},"end":{"line":50,"column":null}}},"4":{"name":"(anonymous_4)","decl":{"start":{"line":51,"column":27},"end":{"line":51,"column":32}},"loc":{"start":{"line":51,"column":36},"end":{"line":54,"column":null}}}},"branchMap":{"0":{"loc":{"start":{"line":46,"column":12},"end":{"line":61,"column":null}},"type":"if","locations":[{"start":{"line":46,"column":12},"end":{"line":61,"column":null}},{"start":{"line":46,"column":12},"end":{"line":61,"column":null}}]},"1":{"loc":{"start":{"line":46,"column":15},"end":{"line":46,"column":42}},"type":"binary-expr","locations":[{"start":{"line":46,"column":15},"end":{"line":46,"column":42}},{"start":{"line":46,"column":42},"end":{"line":46,"column":66}}]}},"s":{"0":1,"1":1,"2":1,"3":1,"4":4,"5":3,"6":3,"7":3,"8":3,"9":2,"10":2,"11":2,"12":2,"13":0,"14":2,"15":2,"16":2,"17":1,"18":2},"f":{"0":4,"1":3,"2":2,"3":2,"4":0},"b":{"0":[2,1],"1":[3,2]}}
,"E:\\Learning Material-Projects\\New folder\\tv-maze-2\\src\\components\\ShowDetails.vue": {"path":"E:\\Learning Material-Projects\\New folder\\tv-maze-2\\src\\components\\ShowDetails.vue","statementMap":{"0":{"start":{"line":55,"column":0},"end":{"line":55,"column":null}},"1":{"start":{"line":56,"column":0},"end":{"line":56,"column":null}},"2":{"start":{"line":57,"column":0},"end":{"line":57,"column":null}},"3":{"start":{"line":58,"column":0},"end":{"line":58,"column":null}},"4":{"start":{"line":60,"column":10},"end":{"line":60,"column":24}},"5":{"start":{"line":61,"column":22},"end":{"line":61,"column":30}},"6":{"start":{"line":62,"column":17},"end":{"line":62,"column":null}},"7":{"start":{"line":67,"column":6},"end":{"line":67,"column":13}},"8":{"start":{"line":84,"column":5},"end":{"line":84,"column":10}},"9":{"start":{"line":85,"column":5},"end":{"line":85,"column":10}},"10":{"start":{"line":89,"column":8},"end":{"line":96,"column":null}},"11":{"start":{"line":90,"column":9},"end":{"line":90,"column":14}},"12":{"start":{"line":94,"column":17},"end":{"line":94,"column":32}},"13":{"start":{"line":104,"column":22},"end":{"line":104,"column":null}},"14":{"start":{"line":105,"column":8},"end":{"line":121,"column":null}},"15":{"start":{"line":106,"column":10},"end":{"line":114,"column":null}},"16":{"start":{"line":108,"column":12},"end":{"line":108,"column":17}},"17":{"start":{"line":111,"column":12},"end":{"line":111,"column":17}},"18":{"start":{"line":112,"column":12},"end":{"line":112,"column":20}},"19":{"start":{"line":113,"column":12},"end":{"line":113,"column":17}},"20":{"start":{"line":115,"column":8},"end":{"line":115,"column":13}},"21":{"start":{"line":116,"column":8},"end":{"line":116,"column":13}},"22":{"start":{"line":119,"column":17},"end":{"line":119,"column":32}},"23":{"start":{"line":124,"column":8},"end":{"line":124,"column":13}},"24":{"start":{"line":125,"column":8},"end":{"line":125,"column":13}},"25":{"start":{"line":126,"column":7},"end":{"line":143,"column":null}},"26":{"start":{"line":127,"column":25},"end":{"line":127,"column":40}},"27":{"start":{"line":127,"column":119},"end":{"line":127,"column":126}},"28":{"start":{"line":128,"column":30},"end":{"line":128,"column":37}},"29":{"start":{"line":130,"column":15},"end":{"line":130,"column":30}},"30":{"start":{"line":133,"column":19},"end":{"line":133,"column":null}},"31":{"start":{"line":135,"column":8},"end":{"line":135,"column":13}},"32":{"start":{"line":136,"column":8},"end":{"line":136,"column":13}},"33":{"start":{"line":137,"column":8},"end":{"line":137,"column":13}},"34":{"start":{"line":138,"column":8},"end":{"line":138,"column":13}},"35":{"start":{"line":141,"column":17},"end":{"line":141,"column":32}},"36":{"start":{"line":146,"column":8},"end":{"line":163,"column":null}},"37":{"start":{"line":147,"column":8},"end":{"line":147,"column":13}},"38":{"start":{"line":149,"column":25},"end":{"line":149,"column":40}},"39":{"start":{"line":149,"column":118},"end":{"line":149,"column":125}},"40":{"start":{"line":150,"column":30},"end":{"line":150,"column":37}},"41":{"start":{"line":153,"column":12},"end":{"line":153,"column":27}},"42":{"start":{"line":155,"column":19},"end":{"line":155,"column":null}},"43":{"start":{"line":156,"column":8},"end":{"line":156,"column":13}},"44":{"start":{"line":157,"column":8},"end":{"line":157,"column":13}},"45":{"start":{"line":158,"column":8},"end":{"line":158,"column":13}},"46":{"start":{"line":161,"column":17},"end":{"line":161,"column":32}},"47":{"start":{"line":169,"column":4},"end":{"line":175,"column":null}},"48":{"start":{"line":170,"column":3},"end":{"line":170,"column":8}},"49":{"start":{"line":173,"column":17},"end":{"line":173,"column":32}}},"fnMap":{"0":{"name":"(anonymous_0)","decl":{"start":{"line":65,"column":4},"end":{"line":65,"column":8}},"loc":{"start":{"line":65,"column":11},"end":{"line":80,"column":null}}},"1":{"name":"(anonymous_1)","decl":{"start":{"line":82,"column":19},"end":{"line":82,"column":31}},"loc":{"start":{"line":82,"column":31},"end":{"line":86,"column":null}}},"2":{"name":"(anonymous_2)","decl":{"start":{"line":88,"column":6},"end":{"line":88,"column":16}},"loc":{"start":{"line":88,"column":18},"end":{"line":97,"column":null}}},"3":{"name":"(anonymous_3)","decl":{"start":{"line":98,"column":6},"end":{"line":98,"column":10}},"loc":{"start":{"line":98,"column":12},"end":{"line":101,"column":null}}},"4":{"name":"(anonymous_4)","decl":{"start":{"line":102,"column":6},"end":{"line":102,"column":22}},"loc":{"start":{"line":102,"column":24},"end":{"line":122,"column":null}}},"5":{"name":"(anonymous_5)","decl":{"start":{"line":123,"column":6},"end":{"line":123,"column":13}},"loc":{"start":{"line":123,"column":44},"end":{"line":144,"column":null}}},"6":{"name":"(anonymous_6)","decl":{"start":{"line":127,"column":105},"end":{"line":127,"column":117}},"loc":{"start":{"line":127,"column":117},"end":{"line":128,"column":15}}},"7":{"name":"(anonymous_7)","decl":{"start":{"line":128,"column":21},"end":{"line":128,"column":29}},"loc":{"start":{"line":128,"column":29},"end":{"line":128,"column":null}}},"8":{"name":"(anonymous_8)","decl":{"start":{"line":129,"column":21},"end":{"line":129,"column":26}},"loc":{"start":{"line":129,"column":30},"end":{"line":132,"column":null}}},"9":{"name":"(anonymous_9)","decl":{"start":{"line":145,"column":6},"end":{"line":145,"column":13}},"loc":{"start":{"line":145,"column":45},"end":{"line":164,"column":null}}},"10":{"name":"(anonymous_10)","decl":{"start":{"line":149,"column":104},"end":{"line":149,"column":116}},"loc":{"start":{"line":149,"column":116},"end":{"line":150,"column":15}}},"11":{"name":"(anonymous_11)","decl":{"start":{"line":150,"column":21},"end":{"line":150,"column":29}},"loc":{"start":{"line":150,"column":29},"end":{"line":150,"column":null}}},"12":{"name":"(anonymous_12)","decl":{"start":{"line":151,"column":21},"end":{"line":151,"column":26}},"loc":{"start":{"line":151,"column":30},"end":{"line":154,"column":null}}},"13":{"name":"(anonymous_13)","decl":{"start":{"line":168,"column":2},"end":{"line":168,"column":9}},"loc":{"start":{"line":168,"column":11},"end":{"line":176,"column":null}}}},"branchMap":{"0":{"loc":{"start":{"line":106,"column":10},"end":{"line":114,"column":null}},"type":"if","locations":[{"start":{"line":106,"column":10},"end":{"line":114,"column":null}},{"start":{"line":106,"column":10},"end":{"line":114,"column":null}}]}},"s":{"0":2,"1":2,"2":2,"3":2,"4":2,"5":2,"6":2,"7":2,"8":0,"9":0,"10":4,"11":4,"12":0,"13":2,"14":2,"15":2,"16":1,"17":1,"18":1,"19":1,"20":2,"21":2,"22":0,"23":1,"24":1,"25":1,"26":1,"27":1,"28":1,"29":0,"30":1,"31":1,"32":1,"33":1,"34":1,"35":0,"36":1,"37":1,"38":1,"39":1,"40":1,"41":0,"42":1,"43":1,"44":1,"45":1,"46":0,"47":2,"48":2,"49":0},"f":{"0":2,"1":0,"2":4,"3":0,"4":2,"5":1,"6":1,"7":1,"8":0,"9":1,"10":1,"11":1,"12":0,"13":2},"b":{"0":[1,1]}}
,"E:\\Learning Material-Projects\\New folder\\tv-maze-2\\src\\components\\SignUpPage.vue": {"path":"E:\\Learning Material-Projects\\New folder\\tv-maze-2\\src\\components\\SignUpPage.vue","statementMap":{"0":{"start":{"line":30,"column":15},"end":{"line":30,"column":null}},"1":{"start":{"line":33,"column":8},"end":{"line":33,"column":14}},"2":{"start":{"line":43,"column":16},"end":{"line":43,"column":23}},"3":{"start":{"line":44,"column":16},"end":{"line":44,"column":21}}},"fnMap":{"0":{"name":"(anonymous_0)","decl":{"start":{"line":32,"column":4},"end":{"line":32,"column":8}},"loc":{"start":{"line":32,"column":10},"end":{"line":39,"column":null}}},"1":{"name":"(anonymous_1)","decl":{"start":{"line":41,"column":12},"end":{"line":41,"column":22}},"loc":{"start":{"line":41,"column":24},"end":{"line":45,"column":null}}}},"branchMap":{},"s":{"0":1,"1":1,"2":1,"3":1},"f":{"0":1,"1":1},"b":{}}
,"E:\\Learning Material-Projects\\New folder\\tv-maze-2\\src\\genericMethods\\modelFunction.ts": {"path":"E:\\Learning Material-Projects\\New folder\\tv-maze-2\\src\\genericMethods\\modelFunction.ts","statementMap":{"0":{"start":{"line":2,"column":0},"end":{"line":2,"column":null}},"1":{"start":{"line":3,"column":0},"end":{"line":3,"column":null}},"2":{"start":{"line":14,"column":8},"end":{"line":14,"column":15}},"3":{"start":{"line":18,"column":26},"end":{"line":18,"column":null}},"4":{"start":{"line":19,"column":26},"end":{"line":19,"column":null}},"5":{"start":{"line":20,"column":4},"end":{"line":63,"column":null}},"6":{"start":{"line":21,"column":4},"end":{"line":57,"column":null}},"7":{"start":{"line":22,"column":3},"end":{"line":24,"column":null}},"8":{"start":{"line":23,"column":12},"end":{"line":23,"column":16}},"9":{"start":{"line":25,"column":24},"end":{"line":25,"column":25}},"10":{"start":{"line":26,"column":10},"end":{"line":27,"column":17}},"11":{"start":{"line":27,"column":10},"end":{"line":27,"column":17}},"12":{"start":{"line":28,"column":10},"end":{"line":31,"column":null}},"13":{"start":{"line":30,"column":12},"end":{"line":30,"column":19}},"14":{"start":{"line":33,"column":10},"end":{"line":33,"column":17}},"15":{"start":{"line":34,"column":10},"end":{"line":36,"column":null}},"16":{"start":{"line":35,"column":14},"end":{"line":35,"column":21}},"17":{"start":{"line":37,"column":10},"end":{"line":37,"column":17}},"18":{"start":{"line":38,"column":10},"end":{"line":41,"column":null}},"19":{"start":{"line":39,"column":10},"end":{"line":39,"column":17}},"20":{"start":{"line":40,"column":10},"end":{"line":40,"column":17}},"21":{"start":{"line":42,"column":10},"end":{"line":42,"column":21}},"22":{"start":{"line":44,"column":10},"end":{"line":56,"column":null}},"23":{"start":{"line":45,"column":22},"end":{"line":45,"column":26}},"24":{"start":{"line":46,"column":10},"end":{"line":52,"column":null}},"25":{"start":{"line":47,"column":14},"end":{"line":47,"column":25}},"26":{"start":{"line":49,"column":14},"end":{"line":49,"column":25}},"27":{"start":{"line":50,"column":14},"end":{"line":50,"column":25}},"28":{"start":{"line":53,"column":10},"end":{"line":53,"column":21}},"29":{"start":{"line":55,"column":10},"end":{"line":55,"column":15}},"30":{"start":{"line":59,"column":6},"end":{"line":59,"column":11}},"31":{"start":{"line":62,"column":8},"end":{"line":62,"column":16}},"32":{"start":{"line":67,"column":20},"end":{"line":67,"column":null}},"33":{"start":{"line":69,"column":4},"end":{"line":79,"column":null}},"34":{"start":{"line":70,"column":4},"end":{"line":70,"column":15}},"35":{"start":{"line":72,"column":10},"end":{"line":79,"column":null}},"36":{"start":{"line":73,"column":8},"end":{"line":73,"column":19}},"37":{"start":{"line":74,"column":10},"end":{"line":79,"column":null}},"38":{"start":{"line":75,"column":8},"end":{"line":75,"column":19}},"39":{"start":{"line":77,"column":8},"end":{"line":77,"column":19}},"40":{"start":{"line":78,"column":8},"end":{"line":78,"column":13}},"41":{"start":{"line":80,"column":4},"end":{"line":80,"column":9}},"42":{"start":{"line":85,"column":4},"end":{"line":85,"column":16}},"43":{"start":{"line":89,"column":4},"end":{"line":89,"column":11}},"44":{"start":{"line":93,"column":4},"end":{"line":93,"column":11}},"45":{"start":{"line":94,"column":8},"end":{"line":98,"column":null}},"46":{"start":{"line":95,"column":12},"end":{"line":95,"column":19}},"47":{"start":{"line":96,"column":15},"end":{"line":98,"column":null}},"48":{"start":{"line":97,"column":12},"end":{"line":97,"column":19}},"49":{"start":{"line":99,"column":8},"end":{"line":99,"column":15}}},"fnMap":{"0":{"name":"(anonymous_0)","decl":{"start":{"line":7,"column":4},"end":{"line":7,"column":null}},"loc":{"start":{"line":7,"column":4},"end":{"line":10,"column":null}}},"1":{"name":"(anonymous_1)","decl":{"start":{"line":11,"column":29},"end":{"line":11,"column":null}},"loc":{"start":{"line":11,"column":29},"end":{"line":15,"column":null}}},"2":{"name":"(anonymous_2)","decl":{"start":{"line":16,"column":2},"end":{"line":16,"column":13}},"loc":{"start":{"line":16,"column":45},"end":{"line":64,"column":null}}},"3":{"name":"(anonymous_3)","decl":{"start":{"line":65,"column":0},"end":{"line":65,"column":11}},"loc":{"start":{"line":65,"column":39},"end":{"line":82,"column":null}}},"4":{"name":"(anonymous_4)","decl":{"start":{"line":83,"column":0},"end":{"line":83,"column":21}},"loc":{"start":{"line":83,"column":44},"end":{"line":86,"column":null}}},"5":{"name":"(anonymous_5)","decl":{"start":{"line":87,"column":0},"end":{"line":87,"column":23}},"loc":{"start":{"line":87,"column":34},"end":{"line":90,"column":null}}},"6":{"name":"(anonymous_6)","decl":{"start":{"line":91,"column":0},"end":{"line":91,"column":12}},"loc":{"start":{"line":91,"column":21},"end":{"line":102,"column":null}}},"7":{"name":"(anonymous_7)","decl":{"start":{"line":93,"column":11},"end":{"line":93,"column":20}},"loc":{"start":{"line":93,"column":32},"end":{"line":100,"column":null}}}},"branchMap":{"0":{"loc":{"start":{"line":14,"column":15},"end":{"line":14,"column":34}},"type":"binary-expr","locations":[{"start":{"line":14,"column":15},"end":{"line":14,"column":34}},{"start":{"line":14,"column":34},"end":{"line":14,"column":55}}]},"1":{"loc":{"start":{"line":22,"column":3},"end":{"line":24,"column":null}},"type":"if","locations":[{"start":{"line":22,"column":3},"end":{"line":24,"column":null}},{"start":{"line":22,"column":3},"end":{"line":24,"column":null}}]},"2":{"loc":{"start":{"line":26,"column":10},"end":{"line":27,"column":17}},"type":"if","locations":[{"start":{"line":26,"column":10},"end":{"line":27,"column":17}},{"start":{"line":26,"column":10},"end":{"line":27,"column":17}}]},"3":{"loc":{"start":{"line":28,"column":10},"end":{"line":31,"column":null}},"type":"if","locations":[{"start":{"line":28,"column":10},"end":{"line":31,"column":null}},{"start":{"line":28,"column":10},"end":{"line":31,"column":null}}]},"4":{"loc":{"start":{"line":28,"column":13},"end":{"line":28,"column":32}},"type":"binary-expr","locations":[{"start":{"line":28,"column":13},"end":{"line":28,"column":32}},{"start":{"line":28,"column":32},"end":{"line":28,"column":null}}]},"5":{"loc":{"start":{"line":34,"column":10},"end":{"line":36,"column":null}},"type":"if","locations":[{"start":{"line":34,"column":10},"end":{"line":36,"column":null}},{"start":{"line":34,"column":10},"end":{"line":36,"column":null}}]},"6":{"loc":{"start":{"line":38,"column":10},"end":{"line":41,"column":null}},"type":"if","locations":[{"start":{"line":38,"column":10},"end":{"line":41,"column":null}},{"start":{"line":38,"column":10},"end":{"line":41,"column":null}}]},"7":{"loc":{"start":{"line":44,"column":10},"end":{"line":56,"column":null}},"type":"if","locations":[{"start":{"line":44,"column":10},"end":{"line":56,"column":null}},{"start":{"line":44,"column":10},"end":{"line":56,"column":null}}]},"8":{"loc":{"start":{"line":46,"column":10},"end":{"line":52,"column":null}},"type":"if","locations":[{"start":{"line":46,"column":10},"end":{"line":52,"column":null}},{"start":{"line":46,"column":10},"end":{"line":52,"column":null}}]},"9":{"loc":{"start":{"line":69,"column":4},"end":{"line":79,"column":null}},"type":"if","locations":[{"start":{"line":69,"column":4},"end":{"line":79,"column":null}},{"start":{"line":69,"column":4},"end":{"line":79,"column":null}}]},"10":{"loc":{"start":{"line":72,"column":10},"end":{"line":79,"column":null}},"type":"if","locations":[{"start":{"line":72,"column":10},"end":{"line":79,"column":null}},{"start":{"line":72,"column":10},"end":{"line":79,"column":null}}]},"11":{"loc":{"start":{"line":74,"column":10},"end":{"line":79,"column":null}},"type":"if","locations":[{"start":{"line":74,"column":10},"end":{"line":79,"column":null}},{"start":{"line":74,"column":10},"end":{"line":79,"column":null}}]},"12":{"loc":{"start":{"line":94,"column":8},"end":{"line":98,"column":null}},"type":"if","locations":[{"start":{"line":94,"column":8},"end":{"line":98,"column":null}},{"start":{"line":94,"column":8},"end":{"line":98,"column":null}}]},"13":{"loc":{"start":{"line":96,"column":15},"end":{"line":98,"column":null}},"type":"if","locations":[{"start":{"line":96,"column":15},"end":{"line":98,"column":null}},{"start":{"line":96,"column":15},"end":{"line":98,"column":null}}]}},"s":{"0":5,"1":5,"2":9,"3":10,"4":10,"5":10,"6":10,"7":6,"8":1,"9":6,"10":6,"11":6,"12":6,"13":6,"14":6,"15":6,"16":2,"17":6,"18":6,"19":5,"20":5,"21":6,"22":6,"23":3,"24":3,"25":0,"26":3,"27":3,"28":3,"29":3,"30":9,"31":1,"32":9,"33":9,"34":3,"35":6,"36":2,"37":4,"38":2,"39":2,"40":2,"41":9,"42":21,"43":2,"44":6,"45":7,"46":2,"47":5,"48":3,"49":2},"f":{"0":6,"1":9,"2":10,"3":9,"4":21,"5":2,"6":6,"7":7},"b":{"0":[9,4],"1":[1,5],"2":[6,0],"3":[6,0],"4":[6,6],"5":[2,4],"6":[5,1],"7":[3,3],"8":[0,3],"9":[3,6],"10":[2,4],"11":[2,2],"12":[2,5],"13":[3,2]}}
,"E:\\Learning Material-Projects\\New folder\\tv-maze-2\\src\\service\\service.ts": {"path":"E:\\Learning Material-Projects\\New folder\\tv-maze-2\\src\\service\\service.ts","statementMap":{"0":{"start":{"line":1,"column":0},"end":{"line":1,"column":null}},"1":{"start":{"line":14,"column":4},"end":{"line":14,"column":14}},"2":{"start":{"line":16,"column":20},"end":{"line":16,"column":26}},"3":{"start":{"line":17,"column":8},"end":{"line":17,"column":15}},"4":{"start":{"line":19,"column":4},"end":{"line":19,"column":15}},"5":{"start":{"line":21,"column":8},"end":{"line":21,"column":15}},"6":{"start":{"line":12,"column":8},"end":{"line":12,"column":15}}},"fnMap":{"0":{"name":"(anonymous_0)","decl":{"start":{"line":5,"column":4},"end":{"line":5,"column":null}},"loc":{"start":{"line":5,"column":4},"end":{"line":8,"column":null}}},"1":{"name":"(anonymous_1)","decl":{"start":{"line":14,"column":14},"end":{"line":14,"column":21}},"loc":{"start":{"line":14,"column":34},"end":{"line":18,"column":null}}},"2":{"name":"(anonymous_2)","decl":{"start":{"line":19,"column":16},"end":{"line":19,"column":28}},"loc":{"start":{"line":19,"column":28},"end":{"line":22,"column":null}}},"3":{"name":"(anonymous_3)","decl":{"start":{"line":9,"column":29},"end":{"line":9,"column":null}},"loc":{"start":{"line":9,"column":29},"end":{"line":13,"column":null}}}},"branchMap":{"0":{"loc":{"start":{"line":12,"column":15},"end":{"line":12,"column":34}},"type":"binary-expr","locations":[{"start":{"line":12,"column":15},"end":{"line":12,"column":34}},{"start":{"line":12,"column":34},"end":{"line":12,"column":55}}]}},"s":{"0":6,"1":6,"2":1,"3":1,"4":6,"5":5,"6":12},"f":{"0":6,"1":1,"2":5,"3":12},"b":{"0":[12,6]}}
}
