TN:
SF:E:\Learning Material-Projects\New folder\tv-maze-2\src\assets\logo.png
FNF:0
FNH:0
DA:1,3
LF:1
LH:1
BRF:0
BRH:0
end_of_record
TN:
SF:E:\Learning Material-Projects\New folder\tv-maze-2\src\assets\resources\properties.ts
FNF:0
FNH:0
DA:1,6
LF:1
LH:1
BRF:0
BRH:0
end_of_record
TN:
SF:E:\Learning Material-Projects\New folder\tv-maze-2\src\components\Header.vue
FN:49,(anonymous_0)
FN:60,(anonymous_1)
FN:75,(anonymous_2)
FN:77,(anonymous_3)
FN:78,(anonymous_4)
FN:79,(anonymous_5)
FN:97,(anonymous_6)
FN:102,(anonymous_7)
FN:118,(anonymous_8)
FNF:9
FNH:7
FNDA:5,(anonymous_0)
FNDA:1,(anonymous_1)
FNDA:1,(anonymous_2)
FNDA:1,(anonymous_3)
FNDA:1,(anonymous_4)
FNDA:0,(anonymous_5)
FNDA:0,(anonymous_6)
FNDA:1,(anonymous_7)
FNDA:5,(anonymous_8)
DA:40,2
DA:41,2
DA:42,2
DA:44,2
DA:45,2
DA:47,2
DA:50,5
DA:61,1
DA:62,1
DA:63,1
DA:64,1
DA:66,1
DA:67,1
DA:70,1
DA:76,1
DA:77,1
DA:78,1
DA:80,0
DA:83,1
DA:85,1
DA:87,1
DA:89,1
DA:90,1
DA:93,1
DA:99,0
DA:100,0
DA:103,1
DA:104,1
DA:105,1
DA:106,1
DA:109,1
DA:110,1
DA:113,1
DA:119,5
DA:121,5
DA:122,5
DA:123,15
DA:124,10
DA:126,5
DA:129,0
LF:40
LH:36
BRDA:123,0,0,10
BRDA:123,0,1,5
BRF:2
BRH:2
end_of_record
TN:
SF:E:\Learning Material-Projects\New folder\tv-maze-2\src\components\HomePage.vue
FN:14,(anonymous_0)
FN:23,(anonymous_1)
FNF:2
FNH:2
FNDA:2,(anonymous_0)
FNDA:1,(anonymous_1)
DA:7,1
DA:9,1
DA:12,1
DA:15,2
DA:24,1
LF:5
LH:5
BRF:0
BRH:0
end_of_record
TN:
SF:E:\Learning Material-Projects\New folder\tv-maze-2\src\components\LandingPage.vue
FN:32,(anonymous_0)
FNF:1
FNH:1
FNDA:1,(anonymous_0)
DA:30,1
DA:33,1
LF:2
LH:2
BRF:0
BRH:0
end_of_record
TN:
SF:E:\Learning Material-Projects\New folder\tv-maze-2\src\components\LoginPage.vue
FN:32,(anonymous_0)
FN:41,(anonymous_1)
FN:49,(anonymous_2)
FN:50,(anonymous_3)
FN:51,(anonymous_4)
FNF:5
FNH:4
FNDA:4,(anonymous_0)
FNDA:3,(anonymous_1)
FNDA:2,(anonymous_2)
FNDA:2,(anonymous_3)
FNDA:0,(anonymous_4)
DA:27,1
DA:28,1
DA:29,1
DA:30,1
DA:33,4
DA:42,3
DA:43,3
DA:45,3
DA:46,3
DA:48,2
DA:49,2
DA:50,2
DA:52,0
DA:55,2
DA:56,2
DA:58,2
DA:60,1
DA:64,2
LF:18
LH:17
BRDA:46,0,0,2
BRDA:46,0,1,1
BRDA:46,1,0,3
BRDA:46,1,1,2
BRF:4
BRH:4
end_of_record
TN:
SF:E:\Learning Material-Projects\New folder\tv-maze-2\src\components\ShowDetails.vue
FN:65,(anonymous_0)
FN:82,(anonymous_1)
FN:88,(anonymous_2)
FN:98,(anonymous_3)
FN:102,(anonymous_4)
FN:123,(anonymous_5)
FN:127,(anonymous_6)
FN:128,(anonymous_7)
FN:129,(anonymous_8)
FN:145,(anonymous_9)
FN:149,(anonymous_10)
FN:150,(anonymous_11)
FN:151,(anonymous_12)
FN:168,(anonymous_13)
FNF:14
FNH:10
FNDA:2,(anonymous_0)
FNDA:0,(anonymous_1)
FNDA:4,(anonymous_2)
FNDA:0,(anonymous_3)
FNDA:2,(anonymous_4)
FNDA:1,(anonymous_5)
FNDA:1,(anonymous_6)
FNDA:1,(anonymous_7)
FNDA:0,(anonymous_8)
FNDA:1,(anonymous_9)
FNDA:1,(anonymous_10)
FNDA:1,(anonymous_11)
FNDA:0,(anonymous_12)
FNDA:2,(anonymous_13)
DA:55,2
DA:56,2
DA:57,2
DA:58,2
DA:60,2
DA:61,2
DA:62,2
DA:67,2
DA:84,0
DA:85,0
DA:89,4
DA:90,4
DA:94,0
DA:104,2
DA:105,2
DA:106,2
DA:108,1
DA:111,1
DA:112,1
DA:113,1
DA:115,2
DA:116,2
DA:119,0
DA:124,1
DA:125,1
DA:126,1
DA:127,1
DA:128,1
DA:130,0
DA:133,1
DA:135,1
DA:136,1
DA:137,1
DA:138,1
DA:141,0
DA:146,1
DA:147,1
DA:149,1
DA:150,1
DA:153,0
DA:155,1
DA:156,1
DA:157,1
DA:158,1
DA:161,0
DA:169,2
DA:170,2
DA:173,0
LF:48
LH:39
BRDA:106,0,0,1
BRDA:106,0,1,1
BRF:2
BRH:2
end_of_record
TN:
SF:E:\Learning Material-Projects\New folder\tv-maze-2\src\components\SignUpPage.vue
FN:32,(anonymous_0)
FN:41,(anonymous_1)
FNF:2
FNH:2
FNDA:1,(anonymous_0)
FNDA:1,(anonymous_1)
DA:30,1
DA:33,1
DA:43,1
DA:44,1
LF:4
LH:4
BRF:0
BRH:0
end_of_record
TN:
SF:E:\Learning Material-Projects\New folder\tv-maze-2\src\genericMethods\modelFunction.ts
FN:7,(anonymous_0)
FN:11,(anonymous_1)
FN:16,(anonymous_2)
FN:65,(anonymous_3)
FN:83,(anonymous_4)
FN:87,(anonymous_5)
FN:91,(anonymous_6)
FN:93,(anonymous_7)
FNF:8
FNH:8
FNDA:6,(anonymous_0)
FNDA:9,(anonymous_1)
FNDA:10,(anonymous_2)
FNDA:9,(anonymous_3)
FNDA:21,(anonymous_4)
FNDA:2,(anonymous_5)
FNDA:6,(anonymous_6)
FNDA:7,(anonymous_7)
DA:2,5
DA:3,5
DA:14,9
DA:18,10
DA:19,10
DA:20,10
DA:21,10
DA:22,6
DA:23,1
DA:25,6
DA:26,6
DA:27,6
DA:28,6
DA:30,6
DA:33,6
DA:34,6
DA:35,2
DA:37,6
DA:38,6
DA:39,5
DA:40,5
DA:42,6
DA:44,6
DA:45,3
DA:46,3
DA:47,0
DA:49,3
DA:50,3
DA:53,3
DA:55,3
DA:59,9
DA:62,1
DA:67,9
DA:69,9
DA:70,3
DA:72,6
DA:73,2
DA:74,4
DA:75,2
DA:77,2
DA:78,2
DA:80,9
DA:85,21
DA:89,2
DA:93,6
DA:94,7
DA:95,2
DA:96,5
DA:97,3
DA:99,2
LF:50
LH:49
BRDA:14,0,0,9
BRDA:14,0,1,4
BRDA:22,1,0,1
BRDA:22,1,1,5
BRDA:26,2,0,6
BRDA:26,2,1,0
BRDA:28,3,0,6
BRDA:28,3,1,0
BRDA:28,4,0,6
BRDA:28,4,1,6
BRDA:34,5,0,2
BRDA:34,5,1,4
BRDA:38,6,0,5
BRDA:38,6,1,1
BRDA:44,7,0,3
BRDA:44,7,1,3
BRDA:46,8,0,0
BRDA:46,8,1,3
BRDA:69,9,0,3
BRDA:69,9,1,6
BRDA:72,10,0,2
BRDA:72,10,1,4
BRDA:74,11,0,2
BRDA:74,11,1,2
BRDA:94,12,0,2
BRDA:94,12,1,5
BRDA:96,13,0,3
BRDA:96,13,1,2
BRF:28
BRH:25
end_of_record
TN:
SF:E:\Learning Material-Projects\New folder\tv-maze-2\src\service\service.ts
FN:5,(anonymous_0)
FN:14,(anonymous_1)
FN:19,(anonymous_2)
FN:9,(anonymous_3)
FNF:4
FNH:4
FNDA:6,(anonymous_0)
FNDA:1,(anonymous_1)
FNDA:5,(anonymous_2)
FNDA:12,(anonymous_3)
DA:1,6
DA:12,12
DA:14,6
DA:16,1
DA:17,1
DA:19,6
DA:21,5
LF:7
LH:7
BRDA:12,0,0,12
BRDA:12,0,1,6
BRF:2
BRH:2
end_of_record
